03:08:22.757 [AWT-EventQueue-0] DEBUG dal.classes.BooksDAO - No books found in the database.
03:08:22.759 [AWT-EventQueue-0] DEBUG pl.BooksPO - No books found in the database.
03:08:42.607 [AWT-EventQueue-0] DEBUG dal.classes.BooksDAO - No poems found in the database.
03:14:04.941 [AWT-EventQueue-0] DEBUG dal.classes.BooksDAO - No poems found in the database.
03:14:12.227 [AWT-EventQueue-0] DEBUG dal.classes.PoemDAO - insertdatafromjtable func triggerd and exception
03:14:12.229 [AWT-EventQueue-0] DEBUG dal.classes.PoemDAO - insertdatafromjtable func triggerd and exception
03:14:12.232 [AWT-EventQueue-0] DEBUG dal.classes.PoemDAO - insertdatafromjtable func triggerd and exception
03:14:12.235 [AWT-EventQueue-0] DEBUG dal.classes.PoemDAO - insertdatafromjtable func triggerd and exception
03:14:12.239 [AWT-EventQueue-0] DEBUG dal.classes.PoemDAO - insertdatafromjtable func triggerd and exception
03:14:12.250 [AWT-EventQueue-0] DEBUG dal.classes.PoemDAO - insertdatafromjtable func triggerd and exception
03:14:12.254 [AWT-EventQueue-0] DEBUG dal.classes.PoemDAO - insertdatafromjtable func triggerd and exception
03:14:12.257 [AWT-EventQueue-0] DEBUG dal.classes.PoemDAO - insertdatafromjtable func triggerd and exception
03:14:12.259 [AWT-EventQueue-0] DEBUG dal.classes.PoemDAO - insertdatafromjtable func triggerd and exception
03:14:12.265 [AWT-EventQueue-0] DEBUG dal.classes.PoemDAO - insertdatafromjtable func triggerd and exception
03:14:12.269 [AWT-EventQueue-0] DEBUG dal.classes.PoemDAO - insertdatafromjtable func triggerd and exception
03:14:12.272 [AWT-EventQueue-0] DEBUG dal.classes.PoemDAO - insertdatafromjtable func triggerd and exception
03:14:12.317 [AWT-EventQueue-0] DEBUG dal.classes.PoemDAO - insertdatafromjtable func triggerd and exception
03:14:12.321 [AWT-EventQueue-0] DEBUG dal.classes.PoemDAO - insertdatafromjtable func triggerd and exception
03:14:12.324 [AWT-EventQueue-0] DEBUG dal.classes.PoemDAO - insertdatafromjtable func triggerd and exception
03:14:12.331 [AWT-EventQueue-0] DEBUG dal.classes.PoemDAO - insertdatafromjtable func triggerd and exception
03:14:12.337 [AWT-EventQueue-0] DEBUG dal.classes.PoemDAO - insertdatafromjtable func triggerd and exception
03:14:12.342 [AWT-EventQueue-0] DEBUG dal.classes.PoemDAO - insertdatafromjtable func triggerd and exception
03:14:12.352 [AWT-EventQueue-0] DEBUG dal.classes.PoemDAO - insertdatafromjtable func triggerd and exception
03:14:12.357 [AWT-EventQueue-0] DEBUG dal.classes.PoemDAO - insertdatafromjtable func triggerd and exception
03:14:12.366 [AWT-EventQueue-0] DEBUG dal.classes.PoemDAO - insertdatafromjtable func triggerd and exception
03:14:12.371 [AWT-EventQueue-0] DEBUG dal.classes.PoemDAO - insertdatafromjtable func triggerd and exception
03:14:12.402 [AWT-EventQueue-0] DEBUG dal.classes.PoemDAO - insertdatafromjtable func triggerd and exception
03:14:12.408 [AWT-EventQueue-0] DEBUG dal.classes.PoemDAO - insertdatafromjtable func triggerd and exception
03:14:12.415 [AWT-EventQueue-0] DEBUG dal.classes.PoemDAO - insertdatafromjtable func triggerd and exception
03:14:12.422 [AWT-EventQueue-0] DEBUG dal.classes.PoemDAO - insertdatafromjtable func triggerd and exception
03:14:12.432 [AWT-EventQueue-0] DEBUG dal.classes.PoemDAO - insertdatafromjtable func triggerd and exception
03:14:12.440 [AWT-EventQueue-0] DEBUG dal.classes.PoemDAO - insertdatafromjtable func triggerd and exception
03:14:12.447 [AWT-EventQueue-0] DEBUG dal.classes.PoemDAO - insertdatafromjtable func triggerd and exception
03:14:12.508 [AWT-EventQueue-0] DEBUG dal.classes.PoemDAO - insertdatafromjtable func triggerd and exception
03:14:12.510 [AWT-EventQueue-0] DEBUG dal.classes.PoemDAO - insertdatafromjtable func triggerd and exception
03:14:12.514 [AWT-EventQueue-0] DEBUG dal.classes.PoemDAO - insertdatafromjtable func triggerd and exception
03:14:12.516 [AWT-EventQueue-0] DEBUG dal.classes.PoemDAO - insertdatafromjtable func triggerd and exception
03:14:12.518 [AWT-EventQueue-0] DEBUG dal.classes.PoemDAO - insertdatafromjtable func triggerd and exception
03:14:12.520 [AWT-EventQueue-0] DEBUG dal.classes.PoemDAO - insertdatafromjtable func triggerd and exception
03:14:12.522 [AWT-EventQueue-0] DEBUG dal.classes.PoemDAO - insertdatafromjtable func triggerd and exception
03:14:12.523 [AWT-EventQueue-0] DEBUG dal.classes.PoemDAO - insertdatafromjtable func triggerd and exception
03:14:12.527 [AWT-EventQueue-0] DEBUG dal.classes.PoemDAO - insertdatafromjtable func triggerd and exception
03:14:12.529 [AWT-EventQueue-0] DEBUG dal.classes.PoemDAO - insertdatafromjtable func triggerd and exception
03:14:12.531 [AWT-EventQueue-0] DEBUG dal.classes.PoemDAO - insertdatafromjtable func triggerd and exception
03:14:12.533 [AWT-EventQueue-0] DEBUG dal.classes.PoemDAO - insertdatafromjtable func triggerd and exception
03:14:12.540 [AWT-EventQueue-0] DEBUG dal.classes.PoemDAO - insertdatafromjtable func triggerd and exception
03:14:12.542 [AWT-EventQueue-0] DEBUG dal.classes.PoemDAO - insertdatafromjtable func triggerd and exception
03:14:12.548 [AWT-EventQueue-0] DEBUG dal.classes.PoemDAO - insertdatafromjtable func triggerd and exception
03:14:12.549 [AWT-EventQueue-0] DEBUG dal.classes.PoemDAO - insertdatafromjtable func triggerd and exception
03:14:12.551 [AWT-EventQueue-0] DEBUG dal.classes.PoemDAO - insertdatafromjtable func triggerd and exception
03:14:12.552 [AWT-EventQueue-0] DEBUG dal.classes.PoemDAO - insertdatafromjtable func triggerd and exception
03:14:12.554 [AWT-EventQueue-0] DEBUG dal.classes.PoemDAO - insertdatafromjtable func triggerd and exception
03:14:12.556 [AWT-EventQueue-0] DEBUG dal.classes.PoemDAO - insertdatafromjtable func triggerd and exception
03:14:12.559 [AWT-EventQueue-0] DEBUG dal.classes.PoemDAO - insertdatafromjtable func triggerd and exception
03:14:12.561 [AWT-EventQueue-0] DEBUG dal.classes.PoemDAO - insertdatafromjtable func triggerd and exception
03:14:12.564 [AWT-EventQueue-0] DEBUG dal.classes.PoemDAO - insertdatafromjtable func triggerd and exception
03:14:12.566 [AWT-EventQueue-0] DEBUG dal.classes.PoemDAO - insertdatafromjtable func triggerd and exception
03:14:12.568 [AWT-EventQueue-0] DEBUG dal.classes.PoemDAO - insertdatafromjtable func triggerd and exception
03:14:12.573 [AWT-EventQueue-0] DEBUG dal.classes.PoemDAO - insertdatafromjtable func triggerd and exception
03:14:12.574 [AWT-EventQueue-0] DEBUG dal.classes.PoemDAO - insertdatafromjtable func triggerd and exception
03:14:12.576 [AWT-EventQueue-0] DEBUG dal.classes.PoemDAO - insertdatafromjtable func triggerd and exception
03:14:12.579 [AWT-EventQueue-0] DEBUG dal.classes.PoemDAO - insertdatafromjtable func triggerd and exception
03:14:12.581 [AWT-EventQueue-0] DEBUG dal.classes.PoemDAO - insertdatafromjtable func triggerd and exception
03:14:12.582 [AWT-EventQueue-0] DEBUG dal.classes.PoemDAO - insertdatafromjtable func triggerd and exception
03:14:12.584 [AWT-EventQueue-0] DEBUG dal.classes.PoemDAO - insertdatafromjtable func triggerd and exception
03:14:12.586 [AWT-EventQueue-0] DEBUG dal.classes.PoemDAO - insertdatafromjtable func triggerd and exception
03:14:12.588 [AWT-EventQueue-0] DEBUG dal.classes.PoemDAO - insertdatafromjtable func triggerd and exception
03:14:12.702 [AWT-EventQueue-0] DEBUG dal.classes.PoemDAO - insertdatafromjtable func triggerd and exception
03:14:12.708 [AWT-EventQueue-0] DEBUG dal.classes.PoemDAO - insertdatafromjtable func triggerd and exception
03:14:12.711 [AWT-EventQueue-0] DEBUG dal.classes.PoemDAO - insertdatafromjtable func triggerd and exception
03:14:12.745 [AWT-EventQueue-0] DEBUG dal.classes.PoemDAO - insertdatafromjtable func triggerd and exception
03:14:12.764 [AWT-EventQueue-0] DEBUG dal.classes.PoemDAO - insertdatafromjtable func triggerd and exception
03:14:12.784 [AWT-EventQueue-0] DEBUG dal.classes.PoemDAO - insertdatafromjtable func triggerd and exception
03:14:12.787 [AWT-EventQueue-0] DEBUG dal.classes.PoemDAO - insertdatafromjtable func triggerd and exception
03:14:12.801 [AWT-EventQueue-0] DEBUG dal.classes.PoemDAO - insertdatafromjtable func triggerd and exception
03:14:12.807 [AWT-EventQueue-0] DEBUG dal.classes.PoemDAO - insertdatafromjtable func triggerd and exception
03:14:12.812 [AWT-EventQueue-0] DEBUG dal.classes.PoemDAO - insertdatafromjtable func triggerd and exception
03:14:12.817 [AWT-EventQueue-0] DEBUG dal.classes.PoemDAO - insertdatafromjtable func triggerd and exception
03:14:12.819 [AWT-EventQueue-0] DEBUG dal.classes.PoemDAO - insertdatafromjtable func triggerd and exception
03:14:12.821 [AWT-EventQueue-0] DEBUG dal.classes.PoemDAO - insertdatafromjtable func triggerd and exception
03:14:12.822 [AWT-EventQueue-0] DEBUG dal.classes.PoemDAO - insertdatafromjtable func triggerd and exception
03:14:12.824 [AWT-EventQueue-0] DEBUG dal.classes.PoemDAO - insertdatafromjtable func triggerd and exception
03:14:12.826 [AWT-EventQueue-0] DEBUG dal.classes.PoemDAO - insertdatafromjtable func triggerd and exception
03:14:12.829 [AWT-EventQueue-0] DEBUG dal.classes.PoemDAO - insertdatafromjtable func triggerd and exception
03:14:12.831 [AWT-EventQueue-0] DEBUG dal.classes.PoemDAO - insertdatafromjtable func triggerd and exception
03:14:12.833 [AWT-EventQueue-0] DEBUG dal.classes.PoemDAO - insertdatafromjtable func triggerd and exception
03:14:12.834 [AWT-EventQueue-0] DEBUG dal.classes.PoemDAO - insertdatafromjtable func triggerd and exception
03:20:35.532 [AWT-EventQueue-0] DEBUG dal.classes.BooksDAO - No poems found in the database.
03:20:42.094 [AWT-EventQueue-0] DEBUG dal.classes.PoemDAO - insertdatafromjtable func triggerd and exception
03:20:42.097 [AWT-EventQueue-0] DEBUG dal.classes.PoemDAO - insertdatafromjtable func triggerd and exception
03:20:42.100 [AWT-EventQueue-0] DEBUG dal.classes.PoemDAO - insertdatafromjtable func triggerd and exception
03:20:42.108 [AWT-EventQueue-0] DEBUG dal.classes.PoemDAO - insertdatafromjtable func triggerd and exception
03:20:42.112 [AWT-EventQueue-0] DEBUG dal.classes.PoemDAO - insertdatafromjtable func triggerd and exception
03:20:42.123 [AWT-EventQueue-0] DEBUG dal.classes.PoemDAO - insertdatafromjtable func triggerd and exception
03:20:42.129 [AWT-EventQueue-0] DEBUG dal.classes.PoemDAO - insertdatafromjtable func triggerd and exception
03:20:42.142 [AWT-EventQueue-0] DEBUG dal.classes.PoemDAO - insertdatafromjtable func triggerd and exception
03:20:42.147 [AWT-EventQueue-0] DEBUG dal.classes.PoemDAO - insertdatafromjtable func triggerd and exception
03:20:42.149 [AWT-EventQueue-0] DEBUG dal.classes.PoemDAO - insertdatafromjtable func triggerd and exception
03:20:42.165 [AWT-EventQueue-0] DEBUG dal.classes.PoemDAO - insertdatafromjtable func triggerd and exception
03:20:42.167 [AWT-EventQueue-0] DEBUG dal.classes.PoemDAO - insertdatafromjtable func triggerd and exception
03:20:42.186 [AWT-EventQueue-0] DEBUG dal.classes.PoemDAO - insertdatafromjtable func triggerd and exception
03:20:42.192 [AWT-EventQueue-0] DEBUG dal.classes.PoemDAO - insertdatafromjtable func triggerd and exception
03:20:42.195 [AWT-EventQueue-0] DEBUG dal.classes.PoemDAO - insertdatafromjtable func triggerd and exception
03:20:42.203 [AWT-EventQueue-0] DEBUG dal.classes.PoemDAO - insertdatafromjtable func triggerd and exception
03:20:42.209 [AWT-EventQueue-0] DEBUG dal.classes.PoemDAO - insertdatafromjtable func triggerd and exception
03:20:42.212 [AWT-EventQueue-0] DEBUG dal.classes.PoemDAO - insertdatafromjtable func triggerd and exception
03:20:42.216 [AWT-EventQueue-0] DEBUG dal.classes.PoemDAO - insertdatafromjtable func triggerd and exception
03:20:42.227 [AWT-EventQueue-0] DEBUG dal.classes.PoemDAO - insertdatafromjtable func triggerd and exception
03:20:42.240 [AWT-EventQueue-0] DEBUG dal.classes.PoemDAO - insertdatafromjtable func triggerd and exception
03:20:42.248 [AWT-EventQueue-0] DEBUG dal.classes.PoemDAO - insertdatafromjtable func triggerd and exception
03:20:42.262 [AWT-EventQueue-0] DEBUG dal.classes.PoemDAO - insertdatafromjtable func triggerd and exception
03:20:42.292 [AWT-EventQueue-0] DEBUG dal.classes.PoemDAO - insertdatafromjtable func triggerd and exception
03:20:42.312 [AWT-EventQueue-0] DEBUG dal.classes.PoemDAO - insertdatafromjtable func triggerd and exception
03:20:42.336 [AWT-EventQueue-0] DEBUG dal.classes.PoemDAO - insertdatafromjtable func triggerd and exception
03:20:42.338 [AWT-EventQueue-0] DEBUG dal.classes.PoemDAO - insertdatafromjtable func triggerd and exception
03:20:42.339 [AWT-EventQueue-0] DEBUG dal.classes.PoemDAO - insertdatafromjtable func triggerd and exception
03:20:42.341 [AWT-EventQueue-0] DEBUG dal.classes.PoemDAO - insertdatafromjtable func triggerd and exception
03:20:42.342 [AWT-EventQueue-0] DEBUG dal.classes.PoemDAO - insertdatafromjtable func triggerd and exception
03:20:42.344 [AWT-EventQueue-0] DEBUG dal.classes.PoemDAO - insertdatafromjtable func triggerd and exception
03:20:42.345 [AWT-EventQueue-0] DEBUG dal.classes.PoemDAO - insertdatafromjtable func triggerd and exception
03:20:42.347 [AWT-EventQueue-0] DEBUG dal.classes.PoemDAO - insertdatafromjtable func triggerd and exception
03:20:42.351 [AWT-EventQueue-0] DEBUG dal.classes.PoemDAO - insertdatafromjtable func triggerd and exception
03:20:42.356 [AWT-EventQueue-0] DEBUG dal.classes.PoemDAO - insertdatafromjtable func triggerd and exception
03:20:42.358 [AWT-EventQueue-0] DEBUG dal.classes.PoemDAO - insertdatafromjtable func triggerd and exception
03:20:42.362 [AWT-EventQueue-0] DEBUG dal.classes.PoemDAO - insertdatafromjtable func triggerd and exception
03:20:42.378 [AWT-EventQueue-0] DEBUG dal.classes.PoemDAO - insertdatafromjtable func triggerd and exception
03:20:42.411 [AWT-EventQueue-0] DEBUG dal.classes.PoemDAO - insertdatafromjtable func triggerd and exception
03:20:42.424 [AWT-EventQueue-0] DEBUG dal.classes.PoemDAO - insertdatafromjtable func triggerd and exception
03:20:42.426 [AWT-EventQueue-0] DEBUG dal.classes.PoemDAO - insertdatafromjtable func triggerd and exception
03:20:42.428 [AWT-EventQueue-0] DEBUG dal.classes.PoemDAO - insertdatafromjtable func triggerd and exception
03:20:42.432 [AWT-EventQueue-0] DEBUG dal.classes.PoemDAO - insertdatafromjtable func triggerd and exception
03:20:42.433 [AWT-EventQueue-0] DEBUG dal.classes.PoemDAO - insertdatafromjtable func triggerd and exception
03:20:42.436 [AWT-EventQueue-0] DEBUG dal.classes.PoemDAO - insertdatafromjtable func triggerd and exception
03:20:42.439 [AWT-EventQueue-0] DEBUG dal.classes.PoemDAO - insertdatafromjtable func triggerd and exception
03:20:42.440 [AWT-EventQueue-0] DEBUG dal.classes.PoemDAO - insertdatafromjtable func triggerd and exception
03:20:42.441 [AWT-EventQueue-0] DEBUG dal.classes.PoemDAO - insertdatafromjtable func triggerd and exception
03:20:42.446 [AWT-EventQueue-0] DEBUG dal.classes.PoemDAO - insertdatafromjtable func triggerd and exception
03:20:42.447 [AWT-EventQueue-0] DEBUG dal.classes.PoemDAO - insertdatafromjtable func triggerd and exception
03:20:42.449 [AWT-EventQueue-0] DEBUG dal.classes.PoemDAO - insertdatafromjtable func triggerd and exception
03:20:42.450 [AWT-EventQueue-0] DEBUG dal.classes.PoemDAO - insertdatafromjtable func triggerd and exception
03:20:42.451 [AWT-EventQueue-0] DEBUG dal.classes.PoemDAO - insertdatafromjtable func triggerd and exception
03:20:42.453 [AWT-EventQueue-0] DEBUG dal.classes.PoemDAO - insertdatafromjtable func triggerd and exception
03:20:42.454 [AWT-EventQueue-0] DEBUG dal.classes.PoemDAO - insertdatafromjtable func triggerd and exception
03:20:42.456 [AWT-EventQueue-0] DEBUG dal.classes.PoemDAO - insertdatafromjtable func triggerd and exception
03:20:42.457 [AWT-EventQueue-0] DEBUG dal.classes.PoemDAO - insertdatafromjtable func triggerd and exception
03:20:42.459 [AWT-EventQueue-0] DEBUG dal.classes.PoemDAO - insertdatafromjtable func triggerd and exception
03:20:42.460 [AWT-EventQueue-0] DEBUG dal.classes.PoemDAO - insertdatafromjtable func triggerd and exception
03:20:42.461 [AWT-EventQueue-0] DEBUG dal.classes.PoemDAO - insertdatafromjtable func triggerd and exception
03:20:42.462 [AWT-EventQueue-0] DEBUG dal.classes.PoemDAO - insertdatafromjtable func triggerd and exception
03:20:42.464 [AWT-EventQueue-0] DEBUG dal.classes.PoemDAO - insertdatafromjtable func triggerd and exception
03:20:42.465 [AWT-EventQueue-0] DEBUG dal.classes.PoemDAO - insertdatafromjtable func triggerd and exception
03:20:42.467 [AWT-EventQueue-0] DEBUG dal.classes.PoemDAO - insertdatafromjtable func triggerd and exception
03:20:42.468 [AWT-EventQueue-0] DEBUG dal.classes.PoemDAO - insertdatafromjtable func triggerd and exception
03:20:42.470 [AWT-EventQueue-0] DEBUG dal.classes.PoemDAO - insertdatafromjtable func triggerd and exception
03:20:42.471 [AWT-EventQueue-0] DEBUG dal.classes.PoemDAO - insertdatafromjtable func triggerd and exception
03:20:42.473 [AWT-EventQueue-0] DEBUG dal.classes.PoemDAO - insertdatafromjtable func triggerd and exception
03:20:42.474 [AWT-EventQueue-0] DEBUG dal.classes.PoemDAO - insertdatafromjtable func triggerd and exception
03:20:42.476 [AWT-EventQueue-0] DEBUG dal.classes.PoemDAO - insertdatafromjtable func triggerd and exception
03:20:42.477 [AWT-EventQueue-0] DEBUG dal.classes.PoemDAO - insertdatafromjtable func triggerd and exception
03:20:42.478 [AWT-EventQueue-0] DEBUG dal.classes.PoemDAO - insertdatafromjtable func triggerd and exception
03:20:42.481 [AWT-EventQueue-0] DEBUG dal.classes.PoemDAO - insertdatafromjtable func triggerd and exception
03:20:42.483 [AWT-EventQueue-0] DEBUG dal.classes.PoemDAO - insertdatafromjtable func triggerd and exception
03:20:42.484 [AWT-EventQueue-0] DEBUG dal.classes.PoemDAO - insertdatafromjtable func triggerd and exception
03:20:42.485 [AWT-EventQueue-0] DEBUG dal.classes.PoemDAO - insertdatafromjtable func triggerd and exception
03:20:42.486 [AWT-EventQueue-0] DEBUG dal.classes.PoemDAO - insertdatafromjtable func triggerd and exception
03:20:42.487 [AWT-EventQueue-0] DEBUG dal.classes.PoemDAO - insertdatafromjtable func triggerd and exception
03:20:42.488 [AWT-EventQueue-0] DEBUG dal.classes.PoemDAO - insertdatafromjtable func triggerd and exception
03:20:42.490 [AWT-EventQueue-0] DEBUG dal.classes.PoemDAO - insertdatafromjtable func triggerd and exception
03:20:42.491 [AWT-EventQueue-0] DEBUG dal.classes.PoemDAO - insertdatafromjtable func triggerd and exception
03:20:42.492 [AWT-EventQueue-0] DEBUG dal.classes.PoemDAO - insertdatafromjtable func triggerd and exception
03:20:42.494 [AWT-EventQueue-0] DEBUG dal.classes.PoemDAO - insertdatafromjtable func triggerd and exception
03:20:42.496 [AWT-EventQueue-0] DEBUG dal.classes.PoemDAO - insertdatafromjtable func triggerd and exception
03:20:42.498 [AWT-EventQueue-0] DEBUG dal.classes.PoemDAO - insertdatafromjtable func triggerd and exception
03:20:42.500 [AWT-EventQueue-0] DEBUG dal.classes.PoemDAO - insertdatafromjtable func triggerd and exception
03:20:42.504 [AWT-EventQueue-0] DEBUG dal.classes.PoemDAO - insertdatafromjtable func triggerd and exception
03:20:42.505 [AWT-EventQueue-0] DEBUG dal.classes.PoemDAO - insertdatafromjtable func triggerd and exception
03:20:42.596 [AWT-EventQueue-0] DEBUG dal.classes.PoemDAO - insertdatafromjtable func triggerd and exception
03:20:42.604 [AWT-EventQueue-0] DEBUG dal.classes.PoemDAO - insertdatafromjtable func triggerd and exception
03:20:42.605 [AWT-EventQueue-0] DEBUG dal.classes.PoemDAO - insertdatafromjtable func triggerd and exception
03:20:42.607 [AWT-EventQueue-0] DEBUG dal.classes.PoemDAO - insertdatafromjtable func triggerd and exception
03:20:42.608 [AWT-EventQueue-0] DEBUG dal.classes.PoemDAO - insertdatafromjtable func triggerd and exception
03:20:42.610 [AWT-EventQueue-0] DEBUG dal.classes.PoemDAO - insertdatafromjtable func triggerd and exception
03:20:42.611 [AWT-EventQueue-0] DEBUG dal.classes.PoemDAO - insertdatafromjtable func triggerd and exception
03:20:42.613 [AWT-EventQueue-0] DEBUG dal.classes.PoemDAO - insertdatafromjtable func triggerd and exception
03:20:42.616 [AWT-EventQueue-0] DEBUG dal.classes.PoemDAO - insertdatafromjtable func triggerd and exception
03:20:42.617 [AWT-EventQueue-0] DEBUG dal.classes.PoemDAO - insertdatafromjtable func triggerd and exception
03:20:42.618 [AWT-EventQueue-0] DEBUG dal.classes.PoemDAO - insertdatafromjtable func triggerd and exception
03:20:42.620 [AWT-EventQueue-0] DEBUG dal.classes.PoemDAO - insertdatafromjtable func triggerd and exception
03:20:42.624 [AWT-EventQueue-0] DEBUG dal.classes.PoemDAO - insertdatafromjtable func triggerd and exception
03:20:42.628 [AWT-EventQueue-0] DEBUG dal.classes.PoemDAO - insertdatafromjtable func triggerd and exception
03:20:42.673 [AWT-EventQueue-0] DEBUG dal.classes.PoemDAO - insertdatafromjtable func triggerd and exception
03:20:42.675 [AWT-EventQueue-0] DEBUG dal.classes.PoemDAO - insertdatafromjtable func triggerd and exception
03:20:42.678 [AWT-EventQueue-0] DEBUG dal.classes.PoemDAO - insertdatafromjtable func triggerd and exception
03:21:07.637 [AWT-EventQueue-0] DEBUG dal.classes.PoemDAO - insertdatafromjtable func triggerd and exception
03:21:07.644 [AWT-EventQueue-0] DEBUG dal.classes.PoemDAO - insertdatafromjtable func triggerd and exception
03:21:07.660 [AWT-EventQueue-0] DEBUG dal.classes.PoemDAO - insertdatafromjtable func triggerd and exception
03:21:07.665 [AWT-EventQueue-0] DEBUG dal.classes.PoemDAO - insertdatafromjtable func triggerd and exception
03:21:07.668 [AWT-EventQueue-0] DEBUG dal.classes.PoemDAO - insertdatafromjtable func triggerd and exception
03:21:07.676 [AWT-EventQueue-0] DEBUG dal.classes.PoemDAO - insertdatafromjtable func triggerd and exception
03:21:07.684 [AWT-EventQueue-0] DEBUG dal.classes.PoemDAO - insertdatafromjtable func triggerd and exception
03:21:07.693 [AWT-EventQueue-0] DEBUG dal.classes.PoemDAO - insertdatafromjtable func triggerd and exception
03:21:07.697 [AWT-EventQueue-0] DEBUG dal.classes.PoemDAO - insertdatafromjtable func triggerd and exception
03:21:07.730 [AWT-EventQueue-0] DEBUG dal.classes.PoemDAO - insertdatafromjtable func triggerd and exception
03:21:07.736 [AWT-EventQueue-0] DEBUG dal.classes.PoemDAO - insertdatafromjtable func triggerd and exception
03:21:07.770 [AWT-EventQueue-0] DEBUG dal.classes.PoemDAO - insertdatafromjtable func triggerd and exception
03:21:07.781 [AWT-EventQueue-0] DEBUG dal.classes.PoemDAO - insertdatafromjtable func triggerd and exception
03:21:07.786 [AWT-EventQueue-0] DEBUG dal.classes.PoemDAO - insertdatafromjtable func triggerd and exception
03:21:07.788 [AWT-EventQueue-0] DEBUG dal.classes.PoemDAO - insertdatafromjtable func triggerd and exception
03:21:07.789 [AWT-EventQueue-0] DEBUG dal.classes.PoemDAO - insertdatafromjtable func triggerd and exception
03:21:07.795 [AWT-EventQueue-0] DEBUG dal.classes.PoemDAO - insertdatafromjtable func triggerd and exception
03:21:07.796 [AWT-EventQueue-0] DEBUG dal.classes.PoemDAO - insertdatafromjtable func triggerd and exception
03:21:07.797 [AWT-EventQueue-0] DEBUG dal.classes.PoemDAO - insertdatafromjtable func triggerd and exception
03:21:07.799 [AWT-EventQueue-0] DEBUG dal.classes.PoemDAO - insertdatafromjtable func triggerd and exception
03:21:07.801 [AWT-EventQueue-0] DEBUG dal.classes.PoemDAO - insertdatafromjtable func triggerd and exception
03:21:07.805 [AWT-EventQueue-0] DEBUG dal.classes.PoemDAO - insertdatafromjtable func triggerd and exception
03:21:07.808 [AWT-EventQueue-0] DEBUG dal.classes.PoemDAO - insertdatafromjtable func triggerd and exception
03:21:07.813 [AWT-EventQueue-0] DEBUG dal.classes.PoemDAO - insertdatafromjtable func triggerd and exception
03:21:07.824 [AWT-EventQueue-0] DEBUG dal.classes.PoemDAO - insertdatafromjtable func triggerd and exception
03:21:07.829 [AWT-EventQueue-0] DEBUG dal.classes.PoemDAO - insertdatafromjtable func triggerd and exception
03:21:07.830 [AWT-EventQueue-0] DEBUG dal.classes.PoemDAO - insertdatafromjtable func triggerd and exception
03:21:07.846 [AWT-EventQueue-0] DEBUG dal.classes.PoemDAO - insertdatafromjtable func triggerd and exception
03:21:07.852 [AWT-EventQueue-0] DEBUG dal.classes.PoemDAO - insertdatafromjtable func triggerd and exception
03:21:07.854 [AWT-EventQueue-0] DEBUG dal.classes.PoemDAO - insertdatafromjtable func triggerd and exception
03:21:07.928 [AWT-EventQueue-0] DEBUG dal.classes.PoemDAO - insertdatafromjtable func triggerd and exception
03:21:07.943 [AWT-EventQueue-0] DEBUG dal.classes.PoemDAO - insertdatafromjtable func triggerd and exception
03:21:07.945 [AWT-EventQueue-0] DEBUG dal.classes.PoemDAO - insertdatafromjtable func triggerd and exception
03:21:07.947 [AWT-EventQueue-0] DEBUG dal.classes.PoemDAO - insertdatafromjtable func triggerd and exception
03:21:07.950 [AWT-EventQueue-0] DEBUG dal.classes.PoemDAO - insertdatafromjtable func triggerd and exception
03:21:07.951 [AWT-EventQueue-0] DEBUG dal.classes.PoemDAO - insertdatafromjtable func triggerd and exception
03:21:07.953 [AWT-EventQueue-0] DEBUG dal.classes.PoemDAO - insertdatafromjtable func triggerd and exception
03:21:07.956 [AWT-EventQueue-0] DEBUG dal.classes.PoemDAO - insertdatafromjtable func triggerd and exception
03:21:07.959 [AWT-EventQueue-0] DEBUG dal.classes.PoemDAO - insertdatafromjtable func triggerd and exception
03:21:07.962 [AWT-EventQueue-0] DEBUG dal.classes.PoemDAO - insertdatafromjtable func triggerd and exception
03:21:07.964 [AWT-EventQueue-0] DEBUG dal.classes.PoemDAO - insertdatafromjtable func triggerd and exception
03:21:07.967 [AWT-EventQueue-0] DEBUG dal.classes.PoemDAO - insertdatafromjtable func triggerd and exception
03:21:07.970 [AWT-EventQueue-0] DEBUG dal.classes.PoemDAO - insertdatafromjtable func triggerd and exception
03:21:07.972 [AWT-EventQueue-0] DEBUG dal.classes.PoemDAO - insertdatafromjtable func triggerd and exception
03:21:07.975 [AWT-EventQueue-0] DEBUG dal.classes.PoemDAO - insertdatafromjtable func triggerd and exception
03:21:07.978 [AWT-EventQueue-0] DEBUG dal.classes.PoemDAO - insertdatafromjtable func triggerd and exception
03:21:07.981 [AWT-EventQueue-0] DEBUG dal.classes.PoemDAO - insertdatafromjtable func triggerd and exception
03:21:07.983 [AWT-EventQueue-0] DEBUG dal.classes.PoemDAO - insertdatafromjtable func triggerd and exception
03:21:07.985 [AWT-EventQueue-0] DEBUG dal.classes.PoemDAO - insertdatafromjtable func triggerd and exception
03:21:07.988 [AWT-EventQueue-0] DEBUG dal.classes.PoemDAO - insertdatafromjtable func triggerd and exception
03:21:07.990 [AWT-EventQueue-0] DEBUG dal.classes.PoemDAO - insertdatafromjtable func triggerd and exception
03:21:07.995 [AWT-EventQueue-0] DEBUG dal.classes.PoemDAO - insertdatafromjtable func triggerd and exception
03:21:07.997 [AWT-EventQueue-0] DEBUG dal.classes.PoemDAO - insertdatafromjtable func triggerd and exception
03:21:08.017 [AWT-EventQueue-0] DEBUG dal.classes.PoemDAO - insertdatafromjtable func triggerd and exception
03:21:08.469 [AWT-EventQueue-0] DEBUG dal.classes.PoemDAO - insertdatafromjtable func triggerd and exception
03:21:08.472 [AWT-EventQueue-0] DEBUG dal.classes.PoemDAO - insertdatafromjtable func triggerd and exception
03:21:08.475 [AWT-EventQueue-0] DEBUG dal.classes.PoemDAO - insertdatafromjtable func triggerd and exception
03:21:08.480 [AWT-EventQueue-0] DEBUG dal.classes.PoemDAO - insertdatafromjtable func triggerd and exception
03:21:08.481 [AWT-EventQueue-0] DEBUG dal.classes.PoemDAO - insertdatafromjtable func triggerd and exception
03:21:08.487 [AWT-EventQueue-0] DEBUG dal.classes.PoemDAO - insertdatafromjtable func triggerd and exception
03:21:08.494 [AWT-EventQueue-0] DEBUG dal.classes.PoemDAO - insertdatafromjtable func triggerd and exception
03:21:08.496 [AWT-EventQueue-0] DEBUG dal.classes.PoemDAO - insertdatafromjtable func triggerd and exception
03:21:08.511 [AWT-EventQueue-0] DEBUG dal.classes.PoemDAO - insertdatafromjtable func triggerd and exception
03:21:08.513 [AWT-EventQueue-0] DEBUG dal.classes.PoemDAO - insertdatafromjtable func triggerd and exception
03:21:08.518 [AWT-EventQueue-0] DEBUG dal.classes.PoemDAO - insertdatafromjtable func triggerd and exception
03:21:08.526 [AWT-EventQueue-0] DEBUG dal.classes.PoemDAO - insertdatafromjtable func triggerd and exception
03:21:08.529 [AWT-EventQueue-0] DEBUG dal.classes.PoemDAO - insertdatafromjtable func triggerd and exception
03:21:08.542 [AWT-EventQueue-0] DEBUG dal.classes.PoemDAO - insertdatafromjtable func triggerd and exception
03:21:08.545 [AWT-EventQueue-0] DEBUG dal.classes.PoemDAO - insertdatafromjtable func triggerd and exception
03:21:08.648 [AWT-EventQueue-0] DEBUG dal.classes.PoemDAO - insertdatafromjtable func triggerd and exception
03:21:08.660 [AWT-EventQueue-0] DEBUG dal.classes.PoemDAO - insertdatafromjtable func triggerd and exception
03:21:08.676 [AWT-EventQueue-0] DEBUG dal.classes.PoemDAO - insertdatafromjtable func triggerd and exception
03:21:08.683 [AWT-EventQueue-0] DEBUG dal.classes.PoemDAO - insertdatafromjtable func triggerd and exception
03:21:08.688 [AWT-EventQueue-0] DEBUG dal.classes.PoemDAO - insertdatafromjtable func triggerd and exception
03:21:08.739 [AWT-EventQueue-0] DEBUG dal.classes.PoemDAO - insertdatafromjtable func triggerd and exception
03:21:08.746 [AWT-EventQueue-0] DEBUG dal.classes.PoemDAO - insertdatafromjtable func triggerd and exception
03:21:08.751 [AWT-EventQueue-0] DEBUG dal.classes.PoemDAO - insertdatafromjtable func triggerd and exception
03:21:08.753 [AWT-EventQueue-0] DEBUG dal.classes.PoemDAO - insertdatafromjtable func triggerd and exception
03:21:08.757 [AWT-EventQueue-0] DEBUG dal.classes.PoemDAO - insertdatafromjtable func triggerd and exception
03:24:37.727 [AWT-EventQueue-0] DEBUG bll.classes.BooksBLO - deletebook func triggerd and exception
03:24:37.745 [AWT-EventQueue-0] DEBUG bll.classes.BooksBLO - deletebook func triggerd and exception
03:53:14.833 [AWT-EventQueue-0] DEBUG dal.classes.BooksDAO - No poems found in the database.
03:55:40.017 [AWT-EventQueue-0] DEBUG dal.classes.BooksDAO - No poems found in the database.
